  [1m[35m (69.0ms)[0m  [1m[35mCREATE DATABASE "wonderful_editor_development" ENCODING = 'unicode'[0m
  [1m[35m (55.0ms)[0m  [1m[35mCREATE DATABASE "wonderful_editor_test" ENCODING = 'unicode'[0m
Started GET "/mypage/new" for ::1 at 2023-11-03 16:45:35 +0900
  
ActionController::RoutingError (No route matches [GET] "/mypage/new"):
  
Started GET "/mypage/new" for ::1 at 2023-11-03 16:45:39 +0900
  
ActionController::RoutingError (No route matches [GET] "/mypage/new"):
  
Started GET "/" for ::1 at 2023-11-03 16:45:43 +0900
Processing by Rails::WelcomeController#index as HTML
  Rendering vendor/bundle/ruby/3.1.0/gems/railties-6.1.7.6/lib/rails/templates/rails/welcome/index.html.erb
  Rendered vendor/bundle/ruby/3.1.0/gems/railties-6.1.7.6/lib/rails/templates/rails/welcome/index.html.erb (Duration: 8.3ms | Allocations: 272)
Completed 200 OK in 20ms (Views: 9.6ms | ActiveRecord: 0.0ms | Allocations: 2715)


Started GET "/" for ::1 at 2023-11-04 01:13:28 +0900
Processing by Rails::WelcomeController#index as HTML
  Rendering vendor/bundle/ruby/3.1.0/gems/railties-6.1.7.6/lib/rails/templates/rails/welcome/index.html.erb
  Rendered vendor/bundle/ruby/3.1.0/gems/railties-6.1.7.6/lib/rails/templates/rails/welcome/index.html.erb (Duration: 12.9ms | Allocations: 267)
Completed 200 OK in 37ms (Views: 25.7ms | Allocations: 1093)


  [1m[35m (6.5ms)[0m  [1m[34mSELECT VERSION()[0m
  ↳ (erb):38:in `migration_template'
  [1m[35m (0.9ms)[0m  [1m[34mSELECT pg_try_advisory_lock(2030346288881450715)[0m
  [1m[35m (1.5ms)[0m  [1m[34mSELECT "schema_migrations"."version" FROM "schema_migrations" ORDER BY "schema_migrations"."version" ASC[0m
Migrating to DeviseTokenAuthCreateUsers (20231106152535)
  [1m[36mTRANSACTION (0.7ms)[0m  [1m[35mBEGIN[0m
  [1m[35m (10.4ms)[0m  [1m[35mCREATE TABLE "users" ("id" bigserial primary key, "provider" character varying DEFAULT 'email' NOT NULL, "uid" character varying DEFAULT '' NOT NULL, "encrypted_password" character varying DEFAULT '' NOT NULL, "reset_password_token" character varying, "reset_password_sent_at" timestamp, "allow_password_change" boolean DEFAULT FALSE, "remember_created_at" timestamp, "confirmation_token" character varying, "confirmed_at" timestamp, "confirmation_sent_at" timestamp, "unconfirmed_email" character varying, "name" character varying, "image" character varying, "email" character varying, "tokens" json, "created_at" timestamp(6) NOT NULL, "updated_at" timestamp(6) NOT NULL)[0m
  [1m[36mTRANSACTION (1.1ms)[0m  [1m[31mROLLBACK[0m
  [1m[35m (0.8ms)[0m  [1m[34mSELECT pg_advisory_unlock(2030346288881450715)[0m
  [1m[35m (0.7ms)[0m  [1m[34mSELECT pg_try_advisory_lock(2030346288881450715)[0m
  [1m[35m (1.6ms)[0m  [1m[34mSELECT "schema_migrations"."version" FROM "schema_migrations" ORDER BY "schema_migrations"."version" ASC[0m
Migrating to DeviseTokenAuthCreateUsers (20231106152535)
  [1m[36mTRANSACTION (0.7ms)[0m  [1m[35mBEGIN[0m
  [1m[35m (11.2ms)[0m  [1m[35mCREATE TABLE "users" ("id" bigserial primary key, "provider" character varying DEFAULT 'email' NOT NULL, "uid" character varying DEFAULT '' NOT NULL, "encrypted_password" character varying DEFAULT '' NOT NULL, "reset_password_token" character varying, "reset_password_sent_at" timestamp, "allow_password_change" boolean DEFAULT FALSE, "remember_created_at" timestamp, "confirmation_token" character varying, "confirmed_at" timestamp, "confirmation_sent_at" timestamp, "unconfirmed_email" character varying, "name" character varying, "image" character varying, "email" character varying, "tokens" json, "created_at" timestamp(6) NOT NULL, "updated_at" timestamp(6) NOT NULL)[0m
  [1m[35m (2.8ms)[0m  [1m[35mCREATE UNIQUE INDEX "index_users_on_email" ON "users" ("email")[0m
  [1m[35m (1.3ms)[0m  [1m[35mCREATE UNIQUE INDEX "index_users_on_uid_and_provider" ON "users" ("uid", "provider")[0m
  [1m[35m (1.4ms)[0m  [1m[35mCREATE UNIQUE INDEX "index_users_on_reset_password_token" ON "users" ("reset_password_token")[0m
  [1m[35m (1.2ms)[0m  [1m[35mCREATE UNIQUE INDEX "index_users_on_confirmation_token" ON "users" ("confirmation_token")[0m
  [1m[36mActiveRecord::SchemaMigration Create (1.0ms)[0m  [1m[32mINSERT INTO "schema_migrations" ("version") VALUES ($1) RETURNING "version"[0m  [["version", "20231106152535"]]
  [1m[36mTRANSACTION (0.9ms)[0m  [1m[35mCOMMIT[0m
  [1m[36mActiveRecord::InternalMetadata Load (0.7ms)[0m  [1m[34mSELECT "ar_internal_metadata".* FROM "ar_internal_metadata" WHERE "ar_internal_metadata"."key" = $1 LIMIT $2[0m  [["key", "environment"], ["LIMIT", 1]]
  [1m[35m (1.0ms)[0m  [1m[34mSELECT pg_advisory_unlock(2030346288881450715)[0m
  [1m[35m (0.5ms)[0m  [1m[34mSELECT "schema_migrations"."version" FROM "schema_migrations" ORDER BY "schema_migrations"."version" ASC[0m
  [1m[35m (0.4ms)[0m  [1m[34mSELECT "schema_migrations"."version" FROM "schema_migrations" ORDER BY "schema_migrations"."version" ASC[0m
